<?xml version="1.0" encoding="UTF-8"?>
<!-- Generated by org.testng.reporters.JUnitXMLReporter -->
<testsuite ignored="0" hostname="DESKTOP-PNQLD87" failures="3" tests="8" name="Test" time="112.378" errors="0" timestamp="2022-05-16T17:04:45 PDT">
  <testcase classname="com.firebase.test.UserMenuDropDownScript" name="goToUserMenu" time="7.054"/>
  <testcase classname="com.firebase.test.UserMenuDropDownScript" name="testCase6" time="1.247">
    <failure type="java.lang.AssertionError" message="expected [Home Page ~ Salesforce - Developer Edition] but found [Login | Salesforce]">
      <![CDATA[java.lang.AssertionError: expected [Home Page ~ Salesforce - Developer Edition] but found [Login | Salesforce]
at com.firebase.test.UserMenuDropDownScript.goToUserMenu(UserMenuDropDownScript.java:46)
at com.firebase.test.UserMenuDropDownScript.goToProfileLink(UserMenuDropDownScript.java:81)
at com.firebase.test.UserMenuDropDownScript.testCase6(UserMenuDropDownScript.java:92)
at java.base/java.util.ArrayList.forEach(ArrayList.java:1511)
... Removed 31 stack frames]]>
    </failure>
  </testcase> <!-- testCase6 -->
  <testcase classname="com.firebase.test.UserMenuDropDownScript" name="testCase6a" time="9.202"/>
  <testcase classname="com.firebase.test.UserMenuDropDownScript" name="testCase6b" time="15.078"/>
  <testcase classname="com.firebase.test.UserMenuDropDownScript" name="testCase6c" time="3.161">
    <failure type="java.lang.AssertionError" message="expected [Home Page ~ Salesforce - Developer Edition] but found []">
      <![CDATA[java.lang.AssertionError: expected [Home Page ~ Salesforce - Developer Edition] but found []
at com.firebase.test.UserMenuDropDownScript.goToUserMenu(UserMenuDropDownScript.java:46)
at com.firebase.test.UserMenuDropDownScript.goToProfileLink(UserMenuDropDownScript.java:81)
at com.firebase.test.UserMenuDropDownScript.testCase6c(UserMenuDropDownScript.java:166)
at java.base/java.util.ArrayList.forEach(ArrayList.java:1511)
... Removed 31 stack frames]]>
    </failure>
  </testcase> <!-- testCase6c -->
  <testcase classname="com.firebase.test.UserMenuDropDownScript" name="testCase8" time="3.4">
    <failure type="java.lang.AssertionError" message="expected [Home Page ~ Salesforce - Developer Edition] but found []">
      <![CDATA[java.lang.AssertionError: expected [Home Page ~ Salesforce - Developer Edition] but found []
at com.firebase.test.UserMenuDropDownScript.goToUserMenu(UserMenuDropDownScript.java:46)
at com.firebase.test.UserMenuDropDownScript.testCase8(UserMenuDropDownScript.java:298)
at java.base/java.util.ArrayList.forEach(ArrayList.java:1511)
... Removed 31 stack frames]]>
    </failure>
  </testcase> <!-- testCase8 -->
  <testcase classname="com.firebase.test.UserMenuDropDownScript" name="testCase9" time="12.32"/>
  <testcase classname="com.firebase.test.UserMenuDropDownScript" name="testcase7" time="22.714"/>
</testsuite> <!-- Test -->
